<?xml version="1.0" encoding="UTF-8"?>
<!-- Generated by org.testng.reporters.JUnitXMLReporter -->
<testsuite ignored="0" hostname="DESKTOP-68OQ1K7" failures="1" tests="9" name="Test" time="0.349" errors="0" timestamp="2022-04-06T14:52:18 IST">
  <testcase classname="testNGframework.Remo" name="run2" time="0.016"/>
  <testcase classname="testNGframework.DependencyFeature" name="transfer1" time="0.008">
    <failure type="java.lang.AssertionError" message="null">
      <![CDATA[java.lang.AssertionError: null
at testNGframework.DependencyFeature.transfer1(DependencyFeature.java:12)
at java.base/java.util.ArrayList.forEach(ArrayList.java:1511)
... Removed 29 stack frames]]>
    </failure>
  </testcase> <!-- transfer1 -->
  <testcase classname="testNGframework.DependencyFeature" name="transfer2" time="0.018"/>
  <testcase classname="testNGframework.DependencyFeature" name="delete" time="0.021"/>
  <testcase classname="testNGframework.Sumo" name="run3" time="0.004"/>
  <testcase classname="testNGframework.FlagsOftestNG" name="gun" time="0.006"/>
  <testcase classname="testNGframework.FlagsOftestNG" name="bun" time="0.002"/>
  <testcase classname="testNGframework.FlagsOftestNG" name="run" time="0.005"/>
  <testcase classname="testNGframework.FlagsOftestNG" name="run" time="0.006"/>
</testsuite> <!-- Test -->
